W, [2013-09-29T09:13:03.652947 #21819]  WARN -- : WARNING on line 46 of /var/lib/stickshift/523ee0ac5973ca0690000a5e/app-root/data/621820/app/assets/stylesheets/custom.css.scss: "#error_explanation" failed to @extend ".alert".
  The selector ".alert" was not found.
  This will be an error in future releases of Sass.
  Use "@extend .alert !optional" if the extend should be able to fail.

W, [2013-09-29T09:13:03.653904 #21819]  WARN -- : WARNING on line 47 of /var/lib/stickshift/523ee0ac5973ca0690000a5e/app-root/data/621820/app/assets/stylesheets/custom.css.scss: "#error_explanation" failed to @extend ".alert-error".
  The selector ".alert-error" was not found.
  This will be an error in future releases of Sass.
  Use "@extend .alert-error !optional" if the extend should be able to fail.

W, [2013-09-29T09:13:03.654776 #21819]  WARN -- : WARNING on line 48 of /var/lib/stickshift/523ee0ac5973ca0690000a5e/app-root/data/621820/app/assets/stylesheets/custom.css.scss: "#error_explanation" failed to @extend ".alert-block".
  The selector ".alert-block" was not found.
  This will be an error in future releases of Sass.
  Use "@extend .alert-block !optional" if the extend should be able to fail.

W, [2013-09-29T09:13:03.655262 #21819]  WARN -- : WARNING on line 52 of /var/lib/stickshift/523ee0ac5973ca0690000a5e/app-root/data/621820/app/assets/stylesheets/custom.css.scss: ".field_with_errors" failed to @extend ".control-group.error".
  The selector ".control-group.error" was not found.
  This will be an error in future releases of Sass.
  Use "@extend .control-group.error !optional" if the extend should be able to fail.

I, [2013-10-09T16:16:44.039002 #31731]  INFO -- : Started GET "/" for 127.7.9.129 at 2013-10-09 16:16:44 -0400
I, [2013-10-09T16:16:44.195780 #31731]  INFO -- : Processing by StaticPagesController#home as HTML
E, [2013-10-09T16:16:44.224754 #31731] ERROR -- : SQLite3::SQLException: no such table: users: SELECT  "users".* FROM "users"  WHERE "users"."id" = 10  ORDER BY "users"."id" ASC LIMIT 1
I, [2013-10-09T16:16:44.226251 #31731]  INFO -- : Completed 500 Internal Server Error in 29ms
F, [2013-10-09T16:16:44.293290 #31731] FATAL -- : 
ActiveRecord::StatementInvalid (SQLite3::SQLException: no such table: users: SELECT  "users".* FROM "users"  WHERE "users"."id" = 10  ORDER BY "users"."id" ASC LIMIT 1):
  sqlite3 (1.3.8) lib/sqlite3/database.rb:91:in `initialize'
  sqlite3 (1.3.8) lib/sqlite3/database.rb:91:in `new'
  sqlite3 (1.3.8) lib/sqlite3/database.rb:91:in `prepare'
  activerecord (4.0.0) lib/active_record/connection_adapters/sqlite3_adapter.rb:296:in `block in exec_query'
  activerecord (4.0.0) lib/active_record/connection_adapters/abstract_adapter.rb:425:in `block in log'
  activesupport (4.0.0) lib/active_support/notifications/instrumenter.rb:20:in `instrument'
  activerecord (4.0.0) lib/active_record/connection_adapters/abstract_adapter.rb:420:in `log'
  activerecord (4.0.0) lib/active_record/connection_adapters/sqlite3_adapter.rb:292:in `exec_query'
  activerecord (4.0.0) lib/active_record/connection_adapters/sqlite3_adapter.rb:504:in `select'
  activerecord (4.0.0) lib/active_record/connection_adapters/abstract/database_statements.rb:24:in `select_all'
  activerecord (4.0.0) lib/active_record/connection_adapters/abstract/query_cache.rb:61:in `block in select_all'
  activerecord (4.0.0) lib/active_record/connection_adapters/abstract/query_cache.rb:76:in `cache_sql'
  activerecord (4.0.0) lib/active_record/connection_adapters/abstract/query_cache.rb:61:in `select_all'
  activerecord (4.0.0) lib/active_record/querying.rb:36:in `find_by_sql'
  activerecord (4.0.0) lib/active_record/relation.rb:585:in `exec_queries'
  activerecord (4.0.0) lib/active_record/relation.rb:471:in `load'
  activerecord (4.0.0) lib/active_record/relation.rb:220:in `to_a'
  activerecord (4.0.0) lib/active_record/relation/finder_methods.rb:325:in `find_first'
  activerecord (4.0.0) lib/active_record/relation/finder_methods.rb:90:in `first'
  activerecord-deprecated_finders (1.0.3) lib/active_record/deprecated_finders/relation.rb:129:in `first'
  orm_adapter (0.4.0) lib/orm_adapter/adapters/active_record.rb:17:in `get'
  devise (3.1.0) lib/devise/models/authenticatable.rb:209:in `serialize_from_session'
  devise (3.1.0) lib/devise.rb:450:in `block (2 levels) in configure_warden!'
  warden (1.2.3) lib/warden/session_serializer.rb:34:in `fetch'
  warden (1.2.3) lib/warden/proxy.rb:212:in `user'
  warden (1.2.3) lib/warden/proxy.rb:318:in `_perform_authentication'
  warden (1.2.3) lib/warden/proxy.rb:104:in `authenticate'
  devise (3.1.0) lib/devise/controllers/helpers.rb:56:in `current_user'
  activesupport (4.0.0) lib/active_support/callbacks.rb:210:in `_conditional_callback_around_21'
  activesupport (4.0.0) lib/active_support/callbacks.rb:413:in `_run__878239193226360159__process_action__callbacks'
  activesupport (4.0.0) lib/active_support/callbacks.rb:80:in `run_callbacks'
  actionpack (4.0.0) lib/abstract_controller/callbacks.rb:17:in `process_action'
  actionpack (4.0.0) lib/action_controller/metal/rescue.rb:29:in `process_action'
  actionpack (4.0.0) lib/action_controller/metal/instrumentation.rb:31:in `block in process_action'
  activesupport (4.0.0) lib/active_support/notifications.rb:159:in `block in instrument'
  activesupport (4.0.0) lib/active_support/notifications/instrumenter.rb:20:in `instrument'
  activesupport (4.0.0) lib/active_support/notifications.rb:159:in `instrument'
  actionpack (4.0.0) lib/action_controller/metal/instrumentation.rb:30:in `process_action'
  actionpack (4.0.0) lib/action_controller/metal/params_wrapper.rb:245:in `process_action'
  activerecord (4.0.0) lib/active_record/railties/controller_runtime.rb:18:in `process_action'
  actionpack (4.0.0) lib/abstract_controller/base.rb:136:in `process'
  actionpack (4.0.0) lib/abstract_controller/rendering.rb:44:in `process'
  actionpack (4.0.0) lib/action_controller/metal.rb:195:in `dispatch'
  actionpack (4.0.0) lib/action_controller/metal/rack_delegation.rb:13:in `dispatch'
  actionpack (4.0.0) lib/action_controller/metal.rb:231:in `block in action'
  actionpack (4.0.0) lib/action_dispatch/routing/route_set.rb:80:in `call'
  actionpack (4.0.0) lib/action_dispatch/routing/route_set.rb:80:in `dispatch'
  actionpack (4.0.0) lib/action_dispatch/routing/route_set.rb:48:in `call'
  actionpack (4.0.0) lib/action_dispatch/journey/router.rb:71:in `block in call'
  actionpack (4.0.0) lib/action_dispatch/journey/router.rb:59:in `each'
  actionpack (4.0.0) lib/action_dispatch/journey/router.rb:59:in `call'
  actionpack (4.0.0) lib/action_dispatch/routing/route_set.rb:655:in `call'
  omniauth (1.1.4) lib/omniauth/strategy.rb:184:in `call!'
  omniauth (1.1.4) lib/omniauth/strategy.rb:164:in `call'
  warden (1.2.3) lib/warden/manager.rb:35:in `block in call'
  warden (1.2.3) lib/warden/manager.rb:34:in `catch'
  warden (1.2.3) lib/warden/manager.rb:34:in `call'
  rack (1.5.2) lib/rack/etag.rb:23:in `call'
  rack (1.5.2) lib/rack/conditionalget.rb:25:in `call'
  rack (1.5.2) lib/rack/head.rb:11:in `call'
  actionpack (4.0.0) lib/action_dispatch/middleware/params_parser.rb:27:in `call'
  actionpack (4.0.0) lib/action_dispatch/middleware/flash.rb:241:in `call'
  rack (1.5.2) lib/rack/session/abstract/id.rb:225:in `context'
  rack (1.5.2) lib/rack/session/abstract/id.rb:220:in `call'
  actionpack (4.0.0) lib/action_dispatch/middleware/cookies.rb:486:in `call'
  activerecord (4.0.0) lib/active_record/query_cache.rb:36:in `call'
  activerecord (4.0.0) lib/active_record/connection_adapters/abstract/connection_pool.rb:626:in `call'
  actionpack (4.0.0) lib/action_dispatch/middleware/callbacks.rb:29:in `block in call'
  activesupport (4.0.0) lib/active_support/callbacks.rb:373:in `_run__1758475322470266568__call__callbacks'
  activesupport (4.0.0) lib/active_support/callbacks.rb:80:in `run_callbacks'
  actionpack (4.0.0) lib/action_dispatch/middleware/callbacks.rb:27:in `call'
  actionpack (4.0.0) lib/action_dispatch/middleware/remote_ip.rb:76:in `call'
  actionpack (4.0.0) lib/action_dispatch/middleware/debug_exceptions.rb:17:in `call'
  actionpack (4.0.0) lib/action_dispatch/middleware/show_exceptions.rb:30:in `call'
  railties (4.0.0) lib/rails/rack/logger.rb:38:in `call_app'
  railties (4.0.0) lib/rails/rack/logger.rb:21:in `block in call'
  activesupport (4.0.0) lib/active_support/tagged_logging.rb:67:in `block in tagged'
  activesupport (4.0.0) lib/active_support/tagged_logging.rb:25:in `tagged'
  activesupport (4.0.0) lib/active_support/tagged_logging.rb:67:in `tagged'
  railties (4.0.0) lib/rails/rack/logger.rb:21:in `call'
  actionpack (4.0.0) lib/action_dispatch/middleware/request_id.rb:21:in `call'
  rack (1.5.2) lib/rack/methodoverride.rb:21:in `call'
  rack (1.5.2) lib/rack/runtime.rb:17:in `call'
  activesupport (4.0.0) lib/active_support/cache/strategy/local_cache.rb:83:in `call'
  railties (4.0.0) lib/rails/engine.rb:511:in `call'
  railties (4.0.0) lib/rails/application.rb:97:in `call'
  rack (1.5.2) lib/rack/lock.rb:17:in `call'
  rack (1.5.2) lib/rack/content_length.rb:14:in `call'
  rack (1.5.2) lib/rack/handler/webrick.rb:60:in `service'
  /opt/rh/ruby193/root/usr/share/ruby/webrick/httpserver.rb:138:in `service'
  /opt/rh/ruby193/root/usr/share/ruby/webrick/httpserver.rb:94:in `run'
  /opt/rh/ruby193/root/usr/share/ruby/webrick/server.rb:191:in `block in start_thread'


I, [2013-10-09T16:18:45.414801 #32123]  INFO -- : Migrating to CreateEvents (20130917083845)
I, [2013-10-09T16:18:45.476791 #32123]  INFO -- : Migrating to CreateUsers (20130919085548)
I, [2013-10-09T16:18:45.537746 #32123]  INFO -- : Migrating to AddDeviseToUsers (20130919085708)
I, [2013-10-09T16:18:45.680725 #32123]  INFO -- : Migrating to Adddetailstoevent (20130925201125)
I, [2013-10-09T16:18:45.720958 #32123]  INFO -- : Migrating to AddTimezoneToUser (20130928062537)
I, [2013-10-09T16:18:45.830558 #32123]  INFO -- : Migrating to CreateRelationships (20131006185606)
I, [2013-10-09T16:19:22.076094 #3059]  INFO -- : Started GET "/" for 127.7.9.129 at 2013-10-09 16:19:22 -0400
I, [2013-10-09T16:19:22.163933 #3059]  INFO -- : Processing by StaticPagesController#home as HTML
I, [2013-10-09T16:19:22.206688 #3059]  INFO -- :   Rendered static_pages/home.html.erb within layouts/application (1.8ms)
I, [2013-10-09T16:19:22.215162 #3059]  INFO -- : Completed 200 OK in 51ms (Views: 14.8ms | ActiveRecord: 1.5ms)
I, [2013-10-09T16:19:22.516022 #3059]  INFO -- : Started GET "/stylesheets/application.css" for 127.7.9.129 at 2013-10-09 16:19:22 -0400
F, [2013-10-09T16:19:22.523481 #3059] FATAL -- : 
ActionController::RoutingError (No route matches [GET] "/stylesheets/application.css"):
  actionpack (4.0.0) lib/action_dispatch/middleware/debug_exceptions.rb:21:in `call'
  actionpack (4.0.0) lib/action_dispatch/middleware/show_exceptions.rb:30:in `call'
  railties (4.0.0) lib/rails/rack/logger.rb:38:in `call_app'
  railties (4.0.0) lib/rails/rack/logger.rb:21:in `block in call'
  activesupport (4.0.0) lib/active_support/tagged_logging.rb:67:in `block in tagged'
  activesupport (4.0.0) lib/active_support/tagged_logging.rb:25:in `tagged'
  activesupport (4.0.0) lib/active_support/tagged_logging.rb:67:in `tagged'
  railties (4.0.0) lib/rails/rack/logger.rb:21:in `call'
  actionpack (4.0.0) lib/action_dispatch/middleware/request_id.rb:21:in `call'
  rack (1.5.2) lib/rack/methodoverride.rb:21:in `call'
  rack (1.5.2) lib/rack/runtime.rb:17:in `call'
  activesupport (4.0.0) lib/active_support/cache/strategy/local_cache.rb:83:in `call'
  railties (4.0.0) lib/rails/engine.rb:511:in `call'
  railties (4.0.0) lib/rails/application.rb:97:in `call'
  rack (1.5.2) lib/rack/lock.rb:17:in `call'
  rack (1.5.2) lib/rack/content_length.rb:14:in `call'
  rack (1.5.2) lib/rack/handler/webrick.rb:60:in `service'
  /opt/rh/ruby193/root/usr/share/ruby/webrick/httpserver.rb:138:in `service'
  /opt/rh/ruby193/root/usr/share/ruby/webrick/httpserver.rb:94:in `run'
  /opt/rh/ruby193/root/usr/share/ruby/webrick/server.rb:191:in `block in start_thread'


I, [2013-10-09T16:19:23.122283 #3059]  INFO -- : Started GET "/javascripts/application.js" for 127.7.9.129 at 2013-10-09 16:19:23 -0400
F, [2013-10-09T16:19:23.125244 #3059] FATAL -- : 
ActionController::RoutingError (No route matches [GET] "/javascripts/application.js"):
  actionpack (4.0.0) lib/action_dispatch/middleware/debug_exceptions.rb:21:in `call'
  actionpack (4.0.0) lib/action_dispatch/middleware/show_exceptions.rb:30:in `call'
  railties (4.0.0) lib/rails/rack/logger.rb:38:in `call_app'
  railties (4.0.0) lib/rails/rack/logger.rb:21:in `block in call'
  activesupport (4.0.0) lib/active_support/tagged_logging.rb:67:in `block in tagged'
  activesupport (4.0.0) lib/active_support/tagged_logging.rb:25:in `tagged'
  activesupport (4.0.0) lib/active_support/tagged_logging.rb:67:in `tagged'
  railties (4.0.0) lib/rails/rack/logger.rb:21:in `call'
  actionpack (4.0.0) lib/action_dispatch/middleware/request_id.rb:21:in `call'
  rack (1.5.2) lib/rack/methodoverride.rb:21:in `call'
  rack (1.5.2) lib/rack/runtime.rb:17:in `call'
  activesupport (4.0.0) lib/active_support/cache/strategy/local_cache.rb:83:in `call'
  railties (4.0.0) lib/rails/engine.rb:511:in `call'
  railties (4.0.0) lib/rails/application.rb:97:in `call'
  rack (1.5.2) lib/rack/lock.rb:17:in `call'
  rack (1.5.2) lib/rack/content_length.rb:14:in `call'
  rack (1.5.2) lib/rack/handler/webrick.rb:60:in `service'
  /opt/rh/ruby193/root/usr/share/ruby/webrick/httpserver.rb:138:in `service'
  /opt/rh/ruby193/root/usr/share/ruby/webrick/httpserver.rb:94:in `run'
  /opt/rh/ruby193/root/usr/share/ruby/webrick/server.rb:191:in `block in start_thread'


I, [2013-10-09T16:19:23.324068 #3059]  INFO -- : Started GET "/images/macbook-air-365.png" for 127.7.9.129 at 2013-10-09 16:19:23 -0400
F, [2013-10-09T16:19:23.326540 #3059] FATAL -- : 
ActionController::RoutingError (No route matches [GET] "/images/macbook-air-365.png"):
  actionpack (4.0.0) lib/action_dispatch/middleware/debug_exceptions.rb:21:in `call'
  actionpack (4.0.0) lib/action_dispatch/middleware/show_exceptions.rb:30:in `call'
  railties (4.0.0) lib/rails/rack/logger.rb:38:in `call_app'
  railties (4.0.0) lib/rails/rack/logger.rb:21:in `block in call'
  activesupport (4.0.0) lib/active_support/tagged_logging.rb:67:in `block in tagged'
  activesupport (4.0.0) lib/active_support/tagged_logging.rb:25:in `tagged'
  activesupport (4.0.0) lib/active_support/tagged_logging.rb:67:in `tagged'
  railties (4.0.0) lib/rails/rack/logger.rb:21:in `call'
  actionpack (4.0.0) lib/action_dispatch/middleware/request_id.rb:21:in `call'
  rack (1.5.2) lib/rack/methodoverride.rb:21:in `call'
  rack (1.5.2) lib/rack/runtime.rb:17:in `call'
  activesupport (4.0.0) lib/active_support/cache/strategy/local_cache.rb:83:in `call'
  railties (4.0.0) lib/rails/engine.rb:511:in `call'
  railties (4.0.0) lib/rails/application.rb:97:in `call'
  rack (1.5.2) lib/rack/lock.rb:17:in `call'
  rack (1.5.2) lib/rack/content_length.rb:14:in `call'
  rack (1.5.2) lib/rack/handler/webrick.rb:60:in `service'
  /opt/rh/ruby193/root/usr/share/ruby/webrick/httpserver.rb:138:in `service'
  /opt/rh/ruby193/root/usr/share/ruby/webrick/httpserver.rb:94:in `run'
  /opt/rh/ruby193/root/usr/share/ruby/webrick/server.rb:191:in `block in start_thread'


I, [2013-10-09T16:19:23.342909 #3059]  INFO -- : Started GET "/images/calendar-logo.png" for 127.7.9.129 at 2013-10-09 16:19:23 -0400
F, [2013-10-09T16:19:23.347898 #3059] FATAL -- : 
ActionController::RoutingError (No route matches [GET] "/images/calendar-logo.png"):
  actionpack (4.0.0) lib/action_dispatch/middleware/debug_exceptions.rb:21:in `call'
  actionpack (4.0.0) lib/action_dispatch/middleware/show_exceptions.rb:30:in `call'
  railties (4.0.0) lib/rails/rack/logger.rb:38:in `call_app'
  railties (4.0.0) lib/rails/rack/logger.rb:21:in `block in call'
  activesupport (4.0.0) lib/active_support/tagged_logging.rb:67:in `block in tagged'
  activesupport (4.0.0) lib/active_support/tagged_logging.rb:25:in `tagged'
  activesupport (4.0.0) lib/active_support/tagged_logging.rb:67:in `tagged'
  railties (4.0.0) lib/rails/rack/logger.rb:21:in `call'
  actionpack (4.0.0) lib/action_dispatch/middleware/request_id.rb:21:in `call'
  rack (1.5.2) lib/rack/methodoverride.rb:21:in `call'
  rack (1.5.2) lib/rack/runtime.rb:17:in `call'
  activesupport (4.0.0) lib/active_support/cache/strategy/local_cache.rb:83:in `call'
  railties (4.0.0) lib/rails/engine.rb:511:in `call'
  railties (4.0.0) lib/rails/application.rb:97:in `call'
  rack (1.5.2) lib/rack/lock.rb:17:in `call'
  rack (1.5.2) lib/rack/content_length.rb:14:in `call'
  rack (1.5.2) lib/rack/handler/webrick.rb:60:in `service'
  /opt/rh/ruby193/root/usr/share/ruby/webrick/httpserver.rb:138:in `service'
  /opt/rh/ruby193/root/usr/share/ruby/webrick/httpserver.rb:94:in `run'
  /opt/rh/ruby193/root/usr/share/ruby/webrick/server.rb:191:in `block in start_thread'


I, [2013-10-09T16:19:23.513016 #3059]  INFO -- : Started GET "/images/iphone-365.png" for 127.7.9.129 at 2013-10-09 16:19:23 -0400
F, [2013-10-09T16:19:23.518913 #3059] FATAL -- : 
ActionController::RoutingError (No route matches [GET] "/images/iphone-365.png"):
  actionpack (4.0.0) lib/action_dispatch/middleware/debug_exceptions.rb:21:in `call'
  actionpack (4.0.0) lib/action_dispatch/middleware/show_exceptions.rb:30:in `call'
  railties (4.0.0) lib/rails/rack/logger.rb:38:in `call_app'
  railties (4.0.0) lib/rails/rack/logger.rb:21:in `block in call'
  activesupport (4.0.0) lib/active_support/tagged_logging.rb:67:in `block in tagged'
  activesupport (4.0.0) lib/active_support/tagged_logging.rb:25:in `tagged'
  activesupport (4.0.0) lib/active_support/tagged_logging.rb:67:in `tagged'
  railties (4.0.0) lib/rails/rack/logger.rb:21:in `call'
  actionpack (4.0.0) lib/action_dispatch/middleware/request_id.rb:21:in `call'
  rack (1.5.2) lib/rack/methodoverride.rb:21:in `call'
  rack (1.5.2) lib/rack/runtime.rb:17:in `call'
  activesupport (4.0.0) lib/active_support/cache/strategy/local_cache.rb:83:in `call'
  railties (4.0.0) lib/rails/engine.rb:511:in `call'
  railties (4.0.0) lib/rails/application.rb:97:in `call'
  rack (1.5.2) lib/rack/lock.rb:17:in `call'
  rack (1.5.2) lib/rack/content_length.rb:14:in `call'
  rack (1.5.2) lib/rack/handler/webrick.rb:60:in `service'
  /opt/rh/ruby193/root/usr/share/ruby/webrick/httpserver.rb:138:in `service'
  /opt/rh/ruby193/root/usr/share/ruby/webrick/httpserver.rb:94:in `run'
  /opt/rh/ruby193/root/usr/share/ruby/webrick/server.rb:191:in `block in start_thread'


I, [2013-10-09T16:19:46.604976 #3059]  INFO -- : Started GET "/" for 127.7.9.129 at 2013-10-09 16:19:46 -0400
I, [2013-10-09T16:19:46.628931 #3059]  INFO -- : Processing by StaticPagesController#home as HTML
I, [2013-10-09T16:19:46.657831 #3059]  INFO -- :   Rendered static_pages/home.html.erb within layouts/application (10.2ms)
I, [2013-10-09T16:19:47.886153 #3059]  INFO -- : Completed 200 OK in 1249ms (Views: 1238.8ms | ActiveRecord: 0.0ms)
I, [2013-10-09T16:19:49.691701 #3059]  INFO -- : Started GET "/stylesheets/application.css" for 127.7.9.129 at 2013-10-09 16:19:49 -0400
F, [2013-10-09T16:19:49.698934 #3059] FATAL -- : 
ActionController::RoutingError (No route matches [GET] "/stylesheets/application.css"):
  actionpack (4.0.0) lib/action_dispatch/middleware/debug_exceptions.rb:21:in `call'
  actionpack (4.0.0) lib/action_dispatch/middleware/show_exceptions.rb:30:in `call'
  railties (4.0.0) lib/rails/rack/logger.rb:38:in `call_app'
  railties (4.0.0) lib/rails/rack/logger.rb:21:in `block in call'
  activesupport (4.0.0) lib/active_support/tagged_logging.rb:67:in `block in tagged'
  activesupport (4.0.0) lib/active_support/tagged_logging.rb:25:in `tagged'
  activesupport (4.0.0) lib/active_support/tagged_logging.rb:67:in `tagged'
  railties (4.0.0) lib/rails/rack/logger.rb:21:in `call'
  actionpack (4.0.0) lib/action_dispatch/middleware/request_id.rb:21:in `call'
  rack (1.5.2) lib/rack/methodoverride.rb:21:in `call'
  rack (1.5.2) lib/rack/runtime.rb:17:in `call'
  activesupport (4.0.0) lib/active_support/cache/strategy/local_cache.rb:83:in `call'
  railties (4.0.0) lib/rails/engine.rb:511:in `call'
  railties (4.0.0) lib/rails/application.rb:97:in `call'
  rack (1.5.2) lib/rack/lock.rb:17:in `call'
  rack (1.5.2) lib/rack/content_length.rb:14:in `call'
  rack (1.5.2) lib/rack/handler/webrick.rb:60:in `service'
  /opt/rh/ruby193/root/usr/share/ruby/webrick/httpserver.rb:138:in `service'
  /opt/rh/ruby193/root/usr/share/ruby/webrick/httpserver.rb:94:in `run'
  /opt/rh/ruby193/root/usr/share/ruby/webrick/server.rb:191:in `block in start_thread'


I, [2013-10-09T16:19:49.747128 #3059]  INFO -- : Started GET "/javascripts/application.js" for 127.7.9.129 at 2013-10-09 16:19:49 -0400
F, [2013-10-09T16:19:49.755278 #3059] FATAL -- : 
ActionController::RoutingError (No route matches [GET] "/javascripts/application.js"):
  actionpack (4.0.0) lib/action_dispatch/middleware/debug_exceptions.rb:21:in `call'
  actionpack (4.0.0) lib/action_dispatch/middleware/show_exceptions.rb:30:in `call'
  railties (4.0.0) lib/rails/rack/logger.rb:38:in `call_app'
  railties (4.0.0) lib/rails/rack/logger.rb:21:in `block in call'
  activesupport (4.0.0) lib/active_support/tagged_logging.rb:67:in `block in tagged'
  activesupport (4.0.0) lib/active_support/tagged_logging.rb:25:in `tagged'
  activesupport (4.0.0) lib/active_support/tagged_logging.rb:67:in `tagged'
  railties (4.0.0) lib/rails/rack/logger.rb:21:in `call'
  actionpack (4.0.0) lib/action_dispatch/middleware/request_id.rb:21:in `call'
  rack (1.5.2) lib/rack/methodoverride.rb:21:in `call'
  rack (1.5.2) lib/rack/runtime.rb:17:in `call'
  activesupport (4.0.0) lib/active_support/cache/strategy/local_cache.rb:83:in `call'
  railties (4.0.0) lib/rails/engine.rb:511:in `call'
  railties (4.0.0) lib/rails/application.rb:97:in `call'
  rack (1.5.2) lib/rack/lock.rb:17:in `call'
  rack (1.5.2) lib/rack/content_length.rb:14:in `call'
  rack (1.5.2) lib/rack/handler/webrick.rb:60:in `service'
  /opt/rh/ruby193/root/usr/share/ruby/webrick/httpserver.rb:138:in `service'
  /opt/rh/ruby193/root/usr/share/ruby/webrick/httpserver.rb:94:in `run'
  /opt/rh/ruby193/root/usr/share/ruby/webrick/server.rb:191:in `block in start_thread'


I, [2013-10-09T16:19:49.756726 #3059]  INFO -- : Started GET "/images/calendar-logo.png" for 127.7.9.129 at 2013-10-09 16:19:49 -0400
F, [2013-10-09T16:19:49.758193 #3059] FATAL -- : 
ActionController::RoutingError (No route matches [GET] "/images/calendar-logo.png"):
  actionpack (4.0.0) lib/action_dispatch/middleware/debug_exceptions.rb:21:in `call'
  actionpack (4.0.0) lib/action_dispatch/middleware/show_exceptions.rb:30:in `call'
  railties (4.0.0) lib/rails/rack/logger.rb:38:in `call_app'
  railties (4.0.0) lib/rails/rack/logger.rb:21:in `block in call'
  activesupport (4.0.0) lib/active_support/tagged_logging.rb:67:in `block in tagged'
  activesupport (4.0.0) lib/active_support/tagged_logging.rb:25:in `tagged'
  activesupport (4.0.0) lib/active_support/tagged_logging.rb:67:in `tagged'
  railties (4.0.0) lib/rails/rack/logger.rb:21:in `call'
  actionpack (4.0.0) lib/action_dispatch/middleware/request_id.rb:21:in `call'
  rack (1.5.2) lib/rack/methodoverride.rb:21:in `call'
  rack (1.5.2) lib/rack/runtime.rb:17:in `call'
  activesupport (4.0.0) lib/active_support/cache/strategy/local_cache.rb:83:in `call'
  railties (4.0.0) lib/rails/engine.rb:511:in `call'
  railties (4.0.0) lib/rails/application.rb:97:in `call'
  rack (1.5.2) lib/rack/lock.rb:17:in `call'
  rack (1.5.2) lib/rack/content_length.rb:14:in `call'
  rack (1.5.2) lib/rack/handler/webrick.rb:60:in `service'
  /opt/rh/ruby193/root/usr/share/ruby/webrick/httpserver.rb:138:in `service'
  /opt/rh/ruby193/root/usr/share/ruby/webrick/httpserver.rb:94:in `run'
  /opt/rh/ruby193/root/usr/share/ruby/webrick/server.rb:191:in `block in start_thread'


I, [2013-10-09T16:19:50.560820 #3059]  INFO -- : Started GET "/images/macbook-air-365.png" for 127.7.9.129 at 2013-10-09 16:19:50 -0400
F, [2013-10-09T16:19:50.701430 #3059] FATAL -- : 
ActionController::RoutingError (No route matches [GET] "/images/macbook-air-365.png"):
  actionpack (4.0.0) lib/action_dispatch/middleware/debug_exceptions.rb:21:in `call'
  actionpack (4.0.0) lib/action_dispatch/middleware/show_exceptions.rb:30:in `call'
  railties (4.0.0) lib/rails/rack/logger.rb:38:in `call_app'
  railties (4.0.0) lib/rails/rack/logger.rb:21:in `block in call'
  activesupport (4.0.0) lib/active_support/tagged_logging.rb:67:in `block in tagged'
  activesupport (4.0.0) lib/active_support/tagged_logging.rb:25:in `tagged'
  activesupport (4.0.0) lib/active_support/tagged_logging.rb:67:in `tagged'
  railties (4.0.0) lib/rails/rack/logger.rb:21:in `call'
  actionpack (4.0.0) lib/action_dispatch/middleware/request_id.rb:21:in `call'
  rack (1.5.2) lib/rack/methodoverride.rb:21:in `call'
  rack (1.5.2) lib/rack/runtime.rb:17:in `call'
  activesupport (4.0.0) lib/active_support/cache/strategy/local_cache.rb:83:in `call'
  railties (4.0.0) lib/rails/engine.rb:511:in `call'
  railties (4.0.0) lib/rails/application.rb:97:in `call'
  rack (1.5.2) lib/rack/lock.rb:17:in `call'
  rack (1.5.2) lib/rack/content_length.rb:14:in `call'
  rack (1.5.2) lib/rack/handler/webrick.rb:60:in `service'
  /opt/rh/ruby193/root/usr/share/ruby/webrick/httpserver.rb:138:in `service'
  /opt/rh/ruby193/root/usr/share/ruby/webrick/httpserver.rb:94:in `run'
  /opt/rh/ruby193/root/usr/share/ruby/webrick/server.rb:191:in `block in start_thread'


I, [2013-10-09T16:19:52.554729 #3059]  INFO -- : Started GET "/images/calendar-logo.png" for 127.7.9.129 at 2013-10-09 16:19:52 -0400
F, [2013-10-09T16:19:52.572786 #3059] FATAL -- : 
ActionController::RoutingError (No route matches [GET] "/images/calendar-logo.png"):
  actionpack (4.0.0) lib/action_dispatch/middleware/debug_exceptions.rb:21:in `call'
  actionpack (4.0.0) lib/action_dispatch/middleware/show_exceptions.rb:30:in `call'
  railties (4.0.0) lib/rails/rack/logger.rb:38:in `call_app'
  railties (4.0.0) lib/rails/rack/logger.rb:21:in `block in call'
  activesupport (4.0.0) lib/active_support/tagged_logging.rb:67:in `block in tagged'
  activesupport (4.0.0) lib/active_support/tagged_logging.rb:25:in `tagged'
  activesupport (4.0.0) lib/active_support/tagged_logging.rb:67:in `tagged'
  railties (4.0.0) lib/rails/rack/logger.rb:21:in `call'
  actionpack (4.0.0) lib/action_dispatch/middleware/request_id.rb:21:in `call'
  rack (1.5.2) lib/rack/methodoverride.rb:21:in `call'
  rack (1.5.2) lib/rack/runtime.rb:17:in `call'
  activesupport (4.0.0) lib/active_support/cache/strategy/local_cache.rb:83:in `call'
  railties (4.0.0) lib/rails/engine.rb:511:in `call'
  railties (4.0.0) lib/rails/application.rb:97:in `call'
  rack (1.5.2) lib/rack/lock.rb:17:in `call'
  rack (1.5.2) lib/rack/content_length.rb:14:in `call'
  rack (1.5.2) lib/rack/handler/webrick.rb:60:in `service'
  /opt/rh/ruby193/root/usr/share/ruby/webrick/httpserver.rb:138:in `service'
  /opt/rh/ruby193/root/usr/share/ruby/webrick/httpserver.rb:94:in `run'
  /opt/rh/ruby193/root/usr/share/ruby/webrick/server.rb:191:in `block in start_thread'


I, [2013-10-09T16:19:52.584166 #3059]  INFO -- : Started GET "/images/iphone-365.png" for 127.7.9.129 at 2013-10-09 16:19:52 -0400
F, [2013-10-09T16:19:52.601571 #3059] FATAL -- : 
ActionController::RoutingError (No route matches [GET] "/images/iphone-365.png"):
  actionpack (4.0.0) lib/action_dispatch/middleware/debug_exceptions.rb:21:in `call'
  actionpack (4.0.0) lib/action_dispatch/middleware/show_exceptions.rb:30:in `call'
  railties (4.0.0) lib/rails/rack/logger.rb:38:in `call_app'
  railties (4.0.0) lib/rails/rack/logger.rb:21:in `block in call'
  activesupport (4.0.0) lib/active_support/tagged_logging.rb:67:in `block in tagged'
  activesupport (4.0.0) lib/active_support/tagged_logging.rb:25:in `tagged'
  activesupport (4.0.0) lib/active_support/tagged_logging.rb:67:in `tagged'
  railties (4.0.0) lib/rails/rack/logger.rb:21:in `call'
  actionpack (4.0.0) lib/action_dispatch/middleware/request_id.rb:21:in `call'
  rack (1.5.2) lib/rack/methodoverride.rb:21:in `call'
  rack (1.5.2) lib/rack/runtime.rb:17:in `call'
  activesupport (4.0.0) lib/active_support/cache/strategy/local_cache.rb:83:in `call'
  railties (4.0.0) lib/rails/engine.rb:511:in `call'
  railties (4.0.0) lib/rails/application.rb:97:in `call'
  rack (1.5.2) lib/rack/lock.rb:17:in `call'
  rack (1.5.2) lib/rack/content_length.rb:14:in `call'
  rack (1.5.2) lib/rack/handler/webrick.rb:60:in `service'
  /opt/rh/ruby193/root/usr/share/ruby/webrick/httpserver.rb:138:in `service'
  /opt/rh/ruby193/root/usr/share/ruby/webrick/httpserver.rb:94:in `run'
  /opt/rh/ruby193/root/usr/share/ruby/webrick/server.rb:191:in `block in start_thread'


I, [2013-10-09T16:22:43.703287 #17904]  INFO -- : Started GET "/" for 127.7.9.129 at 2013-10-09 16:22:43 -0400
I, [2013-10-09T16:22:43.788250 #17904]  INFO -- : Processing by StaticPagesController#home as HTML
I, [2013-10-09T16:22:43.844739 #17904]  INFO -- :   Rendered static_pages/home.html.erb within layouts/application (5.9ms)
I, [2013-10-09T16:22:43.854348 #17904]  INFO -- : Completed 200 OK in 66ms (Views: 17.5ms | ActiveRecord: 0.0ms)
I, [2013-10-09T16:22:44.144493 #17904]  INFO -- : Started GET "/stylesheets/application.css" for 127.7.9.129 at 2013-10-09 16:22:44 -0400
F, [2013-10-09T16:22:44.146489 #17904] FATAL -- : 
ActionController::RoutingError (No route matches [GET] "/stylesheets/application.css"):
  actionpack (4.0.0) lib/action_dispatch/middleware/debug_exceptions.rb:21:in `call'
  actionpack (4.0.0) lib/action_dispatch/middleware/show_exceptions.rb:30:in `call'
  railties (4.0.0) lib/rails/rack/logger.rb:38:in `call_app'
  railties (4.0.0) lib/rails/rack/logger.rb:21:in `block in call'
  activesupport (4.0.0) lib/active_support/tagged_logging.rb:67:in `block in tagged'
  activesupport (4.0.0) lib/active_support/tagged_logging.rb:25:in `tagged'
  activesupport (4.0.0) lib/active_support/tagged_logging.rb:67:in `tagged'
  railties (4.0.0) lib/rails/rack/logger.rb:21:in `call'
  actionpack (4.0.0) lib/action_dispatch/middleware/request_id.rb:21:in `call'
  rack (1.5.2) lib/rack/methodoverride.rb:21:in `call'
  rack (1.5.2) lib/rack/runtime.rb:17:in `call'
  activesupport (4.0.0) lib/active_support/cache/strategy/local_cache.rb:83:in `call'
  actionpack (4.0.0) lib/action_dispatch/middleware/static.rb:64:in `call'
  railties (4.0.0) lib/rails/engine.rb:511:in `call'
  railties (4.0.0) lib/rails/application.rb:97:in `call'
  rack (1.5.2) lib/rack/lock.rb:17:in `call'
  rack (1.5.2) lib/rack/content_length.rb:14:in `call'
  rack (1.5.2) lib/rack/handler/webrick.rb:60:in `service'
  /opt/rh/ruby193/root/usr/share/ruby/webrick/httpserver.rb:138:in `service'
  /opt/rh/ruby193/root/usr/share/ruby/webrick/httpserver.rb:94:in `run'
  /opt/rh/ruby193/root/usr/share/ruby/webrick/server.rb:191:in `block in start_thread'


I, [2013-10-09T16:22:44.197887 #17904]  INFO -- : Started GET "/javascripts/application.js" for 127.7.9.129 at 2013-10-09 16:22:44 -0400
F, [2013-10-09T16:22:44.202653 #17904] FATAL -- : 
ActionController::RoutingError (No route matches [GET] "/javascripts/application.js"):
  actionpack (4.0.0) lib/action_dispatch/middleware/debug_exceptions.rb:21:in `call'
  actionpack (4.0.0) lib/action_dispatch/middleware/show_exceptions.rb:30:in `call'
  railties (4.0.0) lib/rails/rack/logger.rb:38:in `call_app'
  railties (4.0.0) lib/rails/rack/logger.rb:21:in `block in call'
  activesupport (4.0.0) lib/active_support/tagged_logging.rb:67:in `block in tagged'
  activesupport (4.0.0) lib/active_support/tagged_logging.rb:25:in `tagged'
  activesupport (4.0.0) lib/active_support/tagged_logging.rb:67:in `tagged'
  railties (4.0.0) lib/rails/rack/logger.rb:21:in `call'
  actionpack (4.0.0) lib/action_dispatch/middleware/request_id.rb:21:in `call'
  rack (1.5.2) lib/rack/methodoverride.rb:21:in `call'
  rack (1.5.2) lib/rack/runtime.rb:17:in `call'
  activesupport (4.0.0) lib/active_support/cache/strategy/local_cache.rb:83:in `call'
  actionpack (4.0.0) lib/action_dispatch/middleware/static.rb:64:in `call'
  railties (4.0.0) lib/rails/engine.rb:511:in `call'
  railties (4.0.0) lib/rails/application.rb:97:in `call'
  rack (1.5.2) lib/rack/lock.rb:17:in `call'
  rack (1.5.2) lib/rack/content_length.rb:14:in `call'
  rack (1.5.2) lib/rack/handler/webrick.rb:60:in `service'
  /opt/rh/ruby193/root/usr/share/ruby/webrick/httpserver.rb:138:in `service'
  /opt/rh/ruby193/root/usr/share/ruby/webrick/httpserver.rb:94:in `run'
  /opt/rh/ruby193/root/usr/share/ruby/webrick/server.rb:191:in `block in start_thread'


I, [2013-10-09T16:22:44.204539 #17904]  INFO -- : Started GET "/images/calendar-logo.png" for 127.7.9.129 at 2013-10-09 16:22:44 -0400
F, [2013-10-09T16:22:44.206764 #17904] FATAL -- : 
ActionController::RoutingError (No route matches [GET] "/images/calendar-logo.png"):
  actionpack (4.0.0) lib/action_dispatch/middleware/debug_exceptions.rb:21:in `call'
  actionpack (4.0.0) lib/action_dispatch/middleware/show_exceptions.rb:30:in `call'
  railties (4.0.0) lib/rails/rack/logger.rb:38:in `call_app'
  railties (4.0.0) lib/rails/rack/logger.rb:21:in `block in call'
  activesupport (4.0.0) lib/active_support/tagged_logging.rb:67:in `block in tagged'
  activesupport (4.0.0) lib/active_support/tagged_logging.rb:25:in `tagged'
  activesupport (4.0.0) lib/active_support/tagged_logging.rb:67:in `tagged'
  railties (4.0.0) lib/rails/rack/logger.rb:21:in `call'
  actionpack (4.0.0) lib/action_dispatch/middleware/request_id.rb:21:in `call'
  rack (1.5.2) lib/rack/methodoverride.rb:21:in `call'
  rack (1.5.2) lib/rack/runtime.rb:17:in `call'
  activesupport (4.0.0) lib/active_support/cache/strategy/local_cache.rb:83:in `call'
  actionpack (4.0.0) lib/action_dispatch/middleware/static.rb:64:in `call'
  railties (4.0.0) lib/rails/engine.rb:511:in `call'
  railties (4.0.0) lib/rails/application.rb:97:in `call'
  rack (1.5.2) lib/rack/lock.rb:17:in `call'
  rack (1.5.2) lib/rack/content_length.rb:14:in `call'
  rack (1.5.2) lib/rack/handler/webrick.rb:60:in `service'
  /opt/rh/ruby193/root/usr/share/ruby/webrick/httpserver.rb:138:in `service'
  /opt/rh/ruby193/root/usr/share/ruby/webrick/httpserver.rb:94:in `run'
  /opt/rh/ruby193/root/usr/share/ruby/webrick/server.rb:191:in `block in start_thread'


I, [2013-10-09T16:22:44.371813 #17904]  INFO -- : Started GET "/images/macbook-air-365.png" for 127.7.9.129 at 2013-10-09 16:22:44 -0400
F, [2013-10-09T16:22:44.376425 #17904] FATAL -- : 
ActionController::RoutingError (No route matches [GET] "/images/macbook-air-365.png"):
  actionpack (4.0.0) lib/action_dispatch/middleware/debug_exceptions.rb:21:in `call'
  actionpack (4.0.0) lib/action_dispatch/middleware/show_exceptions.rb:30:in `call'
  railties (4.0.0) lib/rails/rack/logger.rb:38:in `call_app'
  railties (4.0.0) lib/rails/rack/logger.rb:21:in `block in call'
  activesupport (4.0.0) lib/active_support/tagged_logging.rb:67:in `block in tagged'
  activesupport (4.0.0) lib/active_support/tagged_logging.rb:25:in `tagged'
  activesupport (4.0.0) lib/active_support/tagged_logging.rb:67:in `tagged'
  railties (4.0.0) lib/rails/rack/logger.rb:21:in `call'
  actionpack (4.0.0) lib/action_dispatch/middleware/request_id.rb:21:in `call'
  rack (1.5.2) lib/rack/methodoverride.rb:21:in `call'
  rack (1.5.2) lib/rack/runtime.rb:17:in `call'
  activesupport (4.0.0) lib/active_support/cache/strategy/local_cache.rb:83:in `call'
  actionpack (4.0.0) lib/action_dispatch/middleware/static.rb:64:in `call'
  railties (4.0.0) lib/rails/engine.rb:511:in `call'
  railties (4.0.0) lib/rails/application.rb:97:in `call'
  rack (1.5.2) lib/rack/lock.rb:17:in `call'
  rack (1.5.2) lib/rack/content_length.rb:14:in `call'
  rack (1.5.2) lib/rack/handler/webrick.rb:60:in `service'
  /opt/rh/ruby193/root/usr/share/ruby/webrick/httpserver.rb:138:in `service'
  /opt/rh/ruby193/root/usr/share/ruby/webrick/httpserver.rb:94:in `run'
  /opt/rh/ruby193/root/usr/share/ruby/webrick/server.rb:191:in `block in start_thread'


I, [2013-10-09T16:22:44.383246 #17904]  INFO -- : Started GET "/images/iphone-365.png" for 127.7.9.129 at 2013-10-09 16:22:44 -0400
F, [2013-10-09T16:22:44.387009 #17904] FATAL -- : 
ActionController::RoutingError (No route matches [GET] "/images/iphone-365.png"):
  actionpack (4.0.0) lib/action_dispatch/middleware/debug_exceptions.rb:21:in `call'
  actionpack (4.0.0) lib/action_dispatch/middleware/show_exceptions.rb:30:in `call'
  railties (4.0.0) lib/rails/rack/logger.rb:38:in `call_app'
  railties (4.0.0) lib/rails/rack/logger.rb:21:in `block in call'
  activesupport (4.0.0) lib/active_support/tagged_logging.rb:67:in `block in tagged'
  activesupport (4.0.0) lib/active_support/tagged_logging.rb:25:in `tagged'
  activesupport (4.0.0) lib/active_support/tagged_logging.rb:67:in `tagged'
  railties (4.0.0) lib/rails/rack/logger.rb:21:in `call'
  actionpack (4.0.0) lib/action_dispatch/middleware/request_id.rb:21:in `call'
  rack (1.5.2) lib/rack/methodoverride.rb:21:in `call'
  rack (1.5.2) lib/rack/runtime.rb:17:in `call'
  activesupport (4.0.0) lib/active_support/cache/strategy/local_cache.rb:83:in `call'
  actionpack (4.0.0) lib/action_dispatch/middleware/static.rb:64:in `call'
  railties (4.0.0) lib/rails/engine.rb:511:in `call'
  railties (4.0.0) lib/rails/application.rb:97:in `call'
  rack (1.5.2) lib/rack/lock.rb:17:in `call'
  rack (1.5.2) lib/rack/content_length.rb:14:in `call'
  rack (1.5.2) lib/rack/handler/webrick.rb:60:in `service'
  /opt/rh/ruby193/root/usr/share/ruby/webrick/httpserver.rb:138:in `service'
  /opt/rh/ruby193/root/usr/share/ruby/webrick/httpserver.rb:94:in `run'
  /opt/rh/ruby193/root/usr/share/ruby/webrick/server.rb:191:in `block in start_thread'


I, [2013-10-09T16:24:26.299391 #7615]  INFO -- : Started GET "/" for 127.7.9.129 at 2013-10-09 16:24:26 -0400
I, [2013-10-09T16:24:26.376695 #7615]  INFO -- : Processing by StaticPagesController#home as HTML
I, [2013-10-09T16:24:26.447667 #7615]  INFO -- :   Rendered static_pages/home.html.erb within layouts/application (15.6ms)
I, [2013-10-09T16:25:58.543612 #7615]  INFO -- : Completed 200 OK in 92145ms (Views: 92095.3ms | ActiveRecord: 0.0ms)
I, [2013-10-09T16:25:59.054432 #7615]  INFO -- : Started GET "/assets/application-0982efb0f68af0d4bce4df0cae1f4546.css" for 127.7.9.129 at 2013-10-09 16:25:59 -0400
I, [2013-10-09T16:25:59.151099 #7615]  INFO -- : Started GET "/assets/application-db09736ca00f3bf048302c6e26f82a8e.js" for 127.7.9.129 at 2013-10-09 16:25:59 -0400
I, [2013-10-09T16:25:59.221577 #7615]  INFO -- : Started GET "/assets/calendar-logo-cd84b36ce3be28c6bb9ec8f31217f0a2.png" for 127.7.9.129 at 2013-10-09 16:25:59 -0400
I, [2013-10-09T16:26:00.028088 #7615]  INFO -- : Started GET "/assets/macbook-air-365-c31466c42cf978c20b07a35c45c344cd.png" for 127.7.9.129 at 2013-10-09 16:26:00 -0400
I, [2013-10-09T16:26:06.355388 #7615]  INFO -- : Started GET "/assets/iphone-365-d59108fec625e74a2acea359f0e95b3c.png" for 127.7.9.129 at 2013-10-09 16:26:06 -0400
I, [2013-10-09T16:31:35.672848 #7615]  INFO -- : Started GET "/users/sign_in" for 127.7.9.129 at 2013-10-09 16:31:35 -0400
I, [2013-10-09T16:31:35.897622 #7615]  INFO -- : Processing by Devise::SessionsController#new as HTML
I, [2013-10-09T16:31:38.516261 #7615]  INFO -- :   Rendered devise/shared/_links.erb (69.8ms)
I, [2013-10-09T16:31:38.516635 #7615]  INFO -- :   Rendered devise/sessions/new.html.erb within layouts/application (1287.1ms)
I, [2013-10-09T16:31:39.146341 #7615]  INFO -- : Completed 200 OK in 3247ms (Views: 1949.5ms | ActiveRecord: 15.5ms)
I, [2013-10-09T16:31:39.435826 #7615]  INFO -- : Started GET "/assets/facebook-2d59236d5f602023a6f63fcd4c963fc9.png" for 127.7.9.129 at 2013-10-09 16:31:39 -0400
I, [2013-10-09T16:31:39.664493 #7615]  INFO -- : Started GET "/assets/vkontakte-f768629d15a65af91a14f3b40b7622f1.png" for 127.7.9.129 at 2013-10-09 16:31:39 -0400
I, [2013-10-09T16:31:49.440004 #7615]  INFO -- : Started POST "/users/sign_in" for 127.7.9.129 at 2013-10-09 16:31:49 -0400
I, [2013-10-09T16:31:49.449547 #7615]  INFO -- : Processing by Devise::SessionsController#create as HTML
I, [2013-10-09T16:31:49.450495 #7615]  INFO -- :   Parameters: {"utf8"=>"✓", "authenticity_token"=>"MVy8yHCQuU9L9CO88+q9anN2+fM4Vu2XoYlShrEfiMc=", "user"=>{"email"=>"12345678@gmail.com", "password"=>"[FILTERED]", "remember_me"=>"0"}, "commit"=>"Sign in"}
I, [2013-10-09T16:31:49.768362 #7615]  INFO -- : Completed 401 Unauthorized in 318ms
I, [2013-10-09T16:31:49.788410 #7615]  INFO -- : Processing by Devise::SessionsController#new as HTML
I, [2013-10-09T16:31:49.789526 #7615]  INFO -- :   Parameters: {"utf8"=>"✓", "authenticity_token"=>"MVy8yHCQuU9L9CO88+q9anN2+fM4Vu2XoYlShrEfiMc=", "user"=>{"email"=>"12345678@gmail.com", "password"=>"[FILTERED]", "remember_me"=>"0"}, "commit"=>"Sign in"}
I, [2013-10-09T16:31:50.268857 #7615]  INFO -- :   Rendered devise/shared/_links.erb (3.0ms)
I, [2013-10-09T16:31:50.271652 #7615]  INFO -- :   Rendered devise/sessions/new.html.erb within layouts/application (12.0ms)
I, [2013-10-09T16:31:50.352187 #7615]  INFO -- : Completed 200 OK in 561ms (Views: 94.7ms | ActiveRecord: 0.0ms)
I, [2013-10-09T16:31:51.243888 #7615]  INFO -- : Started GET "/assets/application-db09736ca00f3bf048302c6e26f82a8e.js" for 127.7.9.129 at 2013-10-09 16:31:51 -0400
I, [2013-10-09T16:32:00.606951 #7615]  INFO -- : Started GET "/users/sign_up" for 127.7.9.129 at 2013-10-09 16:32:00 -0400
I, [2013-10-09T16:32:00.613440 #7615]  INFO -- : Processing by Devise::RegistrationsController#new as HTML
I, [2013-10-09T16:32:00.637508 #7615]  INFO -- :   Rendered devise/shared/_links.erb (2.2ms)
I, [2013-10-09T16:32:00.641199 #7615]  INFO -- :   Rendered devise/registrations/new.html.erb within layouts/application (15.7ms)
I, [2013-10-09T16:32:00.702042 #7615]  INFO -- : Completed 200 OK in 87ms (Views: 82.4ms | ActiveRecord: 0.0ms)
I, [2013-10-09T16:32:14.854406 #7615]  INFO -- : Started POST "/users" for 127.7.9.129 at 2013-10-09 16:32:14 -0400
I, [2013-10-09T16:32:14.860889 #7615]  INFO -- : Processing by Devise::RegistrationsController#create as HTML
I, [2013-10-09T16:32:14.861500 #7615]  INFO -- :   Parameters: {"utf8"=>"✓", "authenticity_token"=>"MVy8yHCQuU9L9CO88+q9anN2+fM4Vu2XoYlShrEfiMc=", "user"=>{"username"=>"Evgeny", "email"=>"pavlovskes@gmail.com", "password"=>"[FILTERED]", "password_confirmation"=>"[FILTERED]"}, "commit"=>"Sign up"}
E, [2013-10-09T16:32:15.198437 #7615] ERROR -- : Binary data inserted for `string` type on column `encrypted_password`
E, [2013-10-09T16:32:15.239343 #7615] ERROR -- : Binary data inserted for `string` type on column `last_sign_in_ip`
E, [2013-10-09T16:32:15.240205 #7615] ERROR -- : Binary data inserted for `string` type on column `current_sign_in_ip`
I, [2013-10-09T16:32:15.274794 #7615]  INFO -- : Redirected to http://project-livec97f3eff117a.rhcloud.com/
I, [2013-10-09T16:32:15.275261 #7615]  INFO -- : Completed 302 Found in 413ms (ActiveRecord: 58.5ms)
I, [2013-10-09T16:32:15.461663 #7615]  INFO -- : Started GET "/" for 127.7.9.129 at 2013-10-09 16:32:15 -0400
I, [2013-10-09T16:32:15.468109 #7615]  INFO -- : Processing by StaticPagesController#home as HTML
I, [2013-10-09T16:32:15.474516 #7615]  INFO -- :   Rendered static_pages/home.html.erb within layouts/application (1.7ms)
I, [2013-10-09T16:32:15.530921 #7615]  INFO -- : Completed 200 OK in 62ms (Views: 58.4ms | ActiveRecord: 0.4ms)
I, [2013-10-09T16:32:15.861067 #7615]  INFO -- : Started GET "/assets/application-db09736ca00f3bf048302c6e26f82a8e.js" for 127.7.9.129 at 2013-10-09 16:32:15 -0400
I, [2013-10-09T16:32:15.913098 #7615]  INFO -- : Started GET "/assets/macbook-air-365-c31466c42cf978c20b07a35c45c344cd.png" for 127.7.9.129 at 2013-10-09 16:32:15 -0400
I, [2013-10-09T16:32:16.127771 #7615]  INFO -- : Started GET "/assets/iphone-365-d59108fec625e74a2acea359f0e95b3c.png" for 127.7.9.129 at 2013-10-09 16:32:16 -0400
I, [2013-10-09T16:32:22.262970 #7615]  INFO -- : Started GET "/calendar" for 127.7.9.129 at 2013-10-09 16:32:22 -0400
I, [2013-10-09T16:32:22.265771 #7615]  INFO -- : Processing by CalendarController#index as HTML
I, [2013-10-09T16:32:22.372326 #7615]  INFO -- :   Rendered calendar/index.html.erb within layouts/application (3.9ms)
I, [2013-10-09T16:32:22.554537 #7615]  INFO -- :   Rendered layouts/_sidebar.html.erb (71.2ms)
I, [2013-10-09T16:32:22.555805 #7615]  INFO -- : Completed 200 OK in 290ms (Views: 189.8ms | ActiveRecord: 2.3ms)
I, [2013-10-09T16:32:23.214318 #7615]  INFO -- : Started GET "/assets/sticker-67021cc4e209c2e97c1a7f537596a6bb.png" for 127.7.9.129 at 2013-10-09 16:32:23 -0400
I, [2013-10-09T16:32:23.280910 #7615]  INFO -- : Started GET "/assets/calendar_sticker-439bc075a51504948d31ce3de1b6ee98.png" for 127.7.9.129 at 2013-10-09 16:32:23 -0400
I, [2013-10-09T16:32:24.738338 #7615]  INFO -- : Started GET "/events/new" for 127.7.9.129 at 2013-10-09 16:32:24 -0400
I, [2013-10-09T16:32:24.743460 #7615]  INFO -- : Processing by EventsController#new as HTML
I, [2013-10-09T16:32:24.825339 #7615]  INFO -- :   Rendered events/_form.html.erb (70.5ms)
I, [2013-10-09T16:32:24.826487 #7615]  INFO -- :   Rendered events/new.html.erb within layouts/application (74.3ms)
I, [2013-10-09T16:32:24.878437 #7615]  INFO -- :   Rendered layouts/_sidebar.html.erb (5.7ms)
I, [2013-10-09T16:32:24.879703 #7615]  INFO -- : Completed 200 OK in 136ms (Views: 130.7ms | ActiveRecord: 1.2ms)
I, [2013-10-09T16:32:25.216092 #7615]  INFO -- : Started GET "/assets/syronex-colorpicker.gif" for 127.7.9.129 at 2013-10-09 16:32:25 -0400
I, [2013-10-09T16:32:25.324035 #7615]  INFO -- : Started GET "/assets/glyphicons-halflings-4e5b89324f1ac987ddf6835ef51f5fe9.png" for 127.7.9.129 at 2013-10-09 16:32:25 -0400
I, [2013-10-09T16:32:29.917874 #7615]  INFO -- : Started POST "/events" for 127.7.9.129 at 2013-10-09 16:32:29 -0400
I, [2013-10-09T16:32:29.923036 #7615]  INFO -- : Processing by EventsController#create as HTML
I, [2013-10-09T16:32:29.923809 #7615]  INFO -- :   Parameters: {"utf8"=>"✓", "authenticity_token"=>"MVy8yHCQuU9L9CO88+q9anN2+fM4Vu2XoYlShrEfiMc=", "event"=>{"name"=>"", "start_at"=>"", "end_at"=>"", "color"=>"#FFA877", "important"=>"0", "description"=>""}, "commit"=>"Create Event"}
I, [2013-10-09T16:32:29.952428 #7615]  INFO -- :   Rendered events/_form.html.erb (12.1ms)
I, [2013-10-09T16:32:29.952823 #7615]  INFO -- :   Rendered events/new.html.erb within layouts/application (14.1ms)
I, [2013-10-09T16:32:30.115097 #7615]  INFO -- :   Rendered layouts/_sidebar.html.erb (7.4ms)
I, [2013-10-09T16:32:30.115738 #7615]  INFO -- : Completed 200 OK in 191ms (Views: 177.7ms | ActiveRecord: 3.5ms)
I, [2013-10-09T16:32:30.358111 #7615]  INFO -- : Started GET "/assets/application-db09736ca00f3bf048302c6e26f82a8e.js" for 127.7.9.129 at 2013-10-09 16:32:30 -0400
